2016-03-16 07:35:31.195+0000 WARN  [o.n.k.EmbeddedGraphDatabase]: You are using an unsupported version of the Java runtime. Please use Oracle(R) Java(TM) Runtime Environment 7 or OpenJDK(TM) 7.
2016-03-16 07:35:31.241+0000 INFO  [o.n.k.InternalAbstractGraphDatabase]: No locking implementation specified, defaulting to 'community'
2016-03-16 07:35:31.440+0000 INFO  [o.n.k.i.DiagnosticsManager]: --- INITIALIZED diagnostics START ---
2016-03-16 07:35:31.444+0000 INFO  [o.n.k.i.DiagnosticsManager]: Neo4j Kernel properties:
2016-03-16 07:35:31.446+0000 INFO  [o.n.k.i.DiagnosticsManager]: neostore.propertystore.db.strings.mapped_memory=93M
2016-03-16 07:35:31.446+0000 INFO  [o.n.k.i.DiagnosticsManager]: ephemeral=false
2016-03-16 07:35:31.447+0000 INFO  [o.n.k.i.DiagnosticsManager]: neostore.nodestore.db.mapped_memory=30M
2016-03-16 07:35:31.447+0000 INFO  [o.n.k.i.DiagnosticsManager]: store_dir=user.db
2016-03-16 07:35:31.447+0000 INFO  [o.n.k.i.DiagnosticsManager]: neostore.propertystore.db.arrays.mapped_memory=106M
2016-03-16 07:35:31.447+0000 INFO  [o.n.k.i.DiagnosticsManager]: neostore.propertystore.db.mapped_memory=110M
2016-03-16 07:35:31.448+0000 INFO  [o.n.k.i.DiagnosticsManager]: neostore.relationshipstore.db.mapped_memory=135M
2016-03-16 07:35:31.451+0000 INFO  [o.n.k.i.DiagnosticsManager]: Diagnostics providers:
2016-03-16 07:35:31.451+0000 INFO  [o.n.k.i.DiagnosticsManager]: org.neo4j.kernel.configuration.Config
2016-03-16 07:35:31.451+0000 INFO  [o.n.k.i.DiagnosticsManager]: org.neo4j.kernel.info.DiagnosticsManager
2016-03-16 07:35:31.451+0000 INFO  [o.n.k.i.DiagnosticsManager]: SYSTEM_MEMORY
2016-03-16 07:35:31.451+0000 INFO  [o.n.k.i.DiagnosticsManager]: JAVA_MEMORY
2016-03-16 07:35:31.451+0000 INFO  [o.n.k.i.DiagnosticsManager]: OPERATING_SYSTEM
2016-03-16 07:35:31.451+0000 INFO  [o.n.k.i.DiagnosticsManager]: JAVA_VIRTUAL_MACHINE
2016-03-16 07:35:31.451+0000 INFO  [o.n.k.i.DiagnosticsManager]: CLASSPATH
2016-03-16 07:35:31.451+0000 INFO  [o.n.k.i.DiagnosticsManager]: LIBRARY_PATH
2016-03-16 07:35:31.451+0000 INFO  [o.n.k.i.DiagnosticsManager]: SYSTEM_PROPERTIES
2016-03-16 07:35:31.451+0000 INFO  [o.n.k.i.DiagnosticsManager]: NETWORK
2016-03-16 07:35:31.452+0000 INFO  [o.n.k.i.DiagnosticsManager]: System memory information:
2016-03-16 07:35:31.457+0000 INFO  [o.n.k.i.DiagnosticsManager]: Total Physical memory: 7.91 GB
2016-03-16 07:35:31.457+0000 INFO  [o.n.k.i.DiagnosticsManager]: Free Physical memory: 532.25 MB
2016-03-16 07:35:31.457+0000 INFO  [o.n.k.i.DiagnosticsManager]: Committed virtual memory: 1.01 GB
2016-03-16 07:35:31.457+0000 INFO  [o.n.k.i.DiagnosticsManager]: Total swap space: 21.23 GB
2016-03-16 07:35:31.458+0000 INFO  [o.n.k.i.DiagnosticsManager]: Free swap space: 2.44 GB
2016-03-16 07:35:31.463+0000 INFO  [o.n.k.i.DiagnosticsManager]: JVM memory information:
2016-03-16 07:35:31.463+0000 INFO  [o.n.k.i.DiagnosticsManager]: Free  memory: 519.66 MB
2016-03-16 07:35:31.463+0000 INFO  [o.n.k.i.DiagnosticsManager]: Total memory: 786.50 MB
2016-03-16 07:35:31.463+0000 INFO  [o.n.k.i.DiagnosticsManager]: Max   memory: 1.76 GB
2016-03-16 07:35:31.463+0000 INFO  [o.n.k.i.DiagnosticsManager]: Garbage Collector: PS Scavenge: [PS Eden Space, PS Survivor Space]
2016-03-16 07:35:31.463+0000 INFO  [o.n.k.i.DiagnosticsManager]: Garbage Collector: PS MarkSweep: [PS Eden Space, PS Survivor Space, PS Old Gen]
2016-03-16 07:35:31.465+0000 INFO  [o.n.k.i.DiagnosticsManager]: Memory Pool: Code Cache (Non-heap memory): committed=15.38 MB, used=15.26 MB, max=240.00 MB, threshold=0.00 B
2016-03-16 07:35:31.466+0000 INFO  [o.n.k.i.DiagnosticsManager]: Memory Pool: Metaspace (Non-heap memory): committed=37.00 MB, used=36.32 MB, max=-1.00 B, threshold=0.00 B
2016-03-16 07:35:31.466+0000 INFO  [o.n.k.i.DiagnosticsManager]: Memory Pool: Compressed Class Space (Non-heap memory): committed=4.75 MB, used=4.62 MB, max=1.00 GB, threshold=0.00 B
2016-03-16 07:35:31.466+0000 INFO  [o.n.k.i.DiagnosticsManager]: Memory Pool: PS Eden Space (Heap memory): committed=635.00 MB, used=218.21 MB, max=638.50 MB, threshold=?
2016-03-16 07:35:31.466+0000 INFO  [o.n.k.i.DiagnosticsManager]: Memory Pool: PS Survivor Space (Heap memory): committed=18.50 MB, used=0.00 B, max=18.50 MB, threshold=?
2016-03-16 07:35:31.466+0000 INFO  [o.n.k.i.DiagnosticsManager]: Memory Pool: PS Old Gen (Heap memory): committed=133.00 MB, used=48.64 MB, max=1.32 GB, threshold=0.00 B
2016-03-16 07:35:31.466+0000 INFO  [o.n.k.i.DiagnosticsManager]: Operating system information:
2016-03-16 07:35:31.467+0000 INFO  [o.n.k.i.DiagnosticsManager]: Operating System: Windows 10; version: 10.0; arch: amd64; cpus: 4
2016-03-16 07:35:31.467+0000 INFO  [o.n.k.i.DiagnosticsManager]: Process id: 1192@MININT-PNR97HK
2016-03-16 07:35:31.467+0000 INFO  [o.n.k.i.DiagnosticsManager]: Byte order: LITTLE_ENDIAN
2016-03-16 07:35:31.467+0000 INFO  [o.n.k.i.DiagnosticsManager]: Local timezone: America/New_York
2016-03-16 07:35:31.467+0000 INFO  [o.n.k.i.DiagnosticsManager]: JVM information:
2016-03-16 07:35:31.468+0000 INFO  [o.n.k.i.DiagnosticsManager]: VM Name: Java HotSpot(TM) 64-Bit Server VM
2016-03-16 07:35:31.468+0000 INFO  [o.n.k.i.DiagnosticsManager]: VM Vendor: Oracle Corporation
2016-03-16 07:35:31.468+0000 INFO  [o.n.k.i.DiagnosticsManager]: VM Version: 25.74-b02
2016-03-16 07:35:31.468+0000 INFO  [o.n.k.i.DiagnosticsManager]: JIT compiler: HotSpot 64-Bit Tiered Compilers
2016-03-16 07:35:31.468+0000 INFO  [o.n.k.i.DiagnosticsManager]: VM Arguments: []
2016-03-16 07:35:31.468+0000 INFO  [o.n.k.i.DiagnosticsManager]: Java classpath:
2016-03-16 07:35:31.472+0000 INFO  [o.n.k.i.DiagnosticsManager]:  [loader.2] file:/C:/Users/stsantia/IdeaProjects/MicroservicesPoC/deploy/servicefabric/User/user-microservice/code/jre/lib/ext/jaccess.jar
2016-03-16 07:35:31.472+0000 INFO  [o.n.k.i.DiagnosticsManager]:  [bootstrap] C:\Users\stsantia\IdeaProjects\MicroservicesPoC\deploy\servicefabric\User\user-microservice\code\jre\lib\sunrsasign.jar
2016-03-16 07:35:31.472+0000 INFO  [o.n.k.i.DiagnosticsManager]:  [bootstrap] C:\Users\stsantia\IdeaProjects\MicroservicesPoC\deploy\servicefabric\User\user-microservice\code\jre\lib\jsse.jar
2016-03-16 07:35:31.472+0000 INFO  [o.n.k.i.DiagnosticsManager]:  [bootstrap] C:\Users\stsantia\IdeaProjects\MicroservicesPoC\deploy\servicefabric\User\user-microservice\code\jre\lib\jfr.jar
2016-03-16 07:35:31.472+0000 INFO  [o.n.k.i.DiagnosticsManager]:  [loader.2] file:/C:/Users/stsantia/IdeaProjects/MicroservicesPoC/deploy/servicefabric/User/user-microservice/code/jre/lib/ext/sunec.jar
2016-03-16 07:35:31.472+0000 INFO  [o.n.k.i.DiagnosticsManager]:  [classpath + loader.1] file:/C:/Users/stsantia/IdeaProjects/MicroservicesPoC/deploy/servicefabric/User/user-microservice/code/user-microservice-0.1.0.jar
2016-03-16 07:35:31.472+0000 INFO  [o.n.k.i.DiagnosticsManager]:  [loader.2] file:/C:/Users/stsantia/IdeaProjects/MicroservicesPoC/deploy/servicefabric/User/user-microservice/code/jre/lib/ext/sunmscapi.jar
2016-03-16 07:35:31.472+0000 INFO  [o.n.k.i.DiagnosticsManager]:  [bootstrap] C:\Users\stsantia\IdeaProjects\MicroservicesPoC\deploy\servicefabric\User\user-microservice\code\jre\lib\rt.jar
2016-03-16 07:35:31.472+0000 INFO  [o.n.k.i.DiagnosticsManager]:  [bootstrap] C:\Users\stsantia\IdeaProjects\MicroservicesPoC\deploy\servicefabric\User\user-microservice\code\jre\lib\jce.jar
2016-03-16 07:35:31.472+0000 INFO  [o.n.k.i.DiagnosticsManager]:  [bootstrap] C:\Users\stsantia\IdeaProjects\MicroservicesPoC\deploy\servicefabric\User\user-microservice\code\jre\lib\charsets.jar
2016-03-16 07:35:31.472+0000 INFO  [o.n.k.i.DiagnosticsManager]:  [loader.0] file:/C:/Users/stsantia/AppData/Local/Temp/user-microservice-0.1.0.jar-spring-boot-libs-d742fee0-37c1-4157-b3a7-cd0049f9d5d1/eureka-client-1.1.147.jar
2016-03-16 07:35:31.473+0000 INFO  [o.n.k.i.DiagnosticsManager]:  [loader.2] file:/C:/Users/stsantia/IdeaProjects/MicroservicesPoC/deploy/servicefabric/User/user-microservice/code/jre/lib/ext/dnsns.jar
2016-03-16 07:35:31.473+0000 INFO  [o.n.k.i.DiagnosticsManager]:  [loader.2] file:/C:/Users/stsantia/IdeaProjects/MicroservicesPoC/deploy/servicefabric/User/user-microservice/code/jre/lib/ext/cldrdata.jar
2016-03-16 07:35:31.473+0000 INFO  [o.n.k.i.DiagnosticsManager]:  [loader.2] file:/C:/Users/stsantia/IdeaProjects/MicroservicesPoC/deploy/servicefabric/User/user-microservice/code/jre/lib/ext/jfxrt.jar
2016-03-16 07:35:31.473+0000 INFO  [o.n.k.i.DiagnosticsManager]:  [loader.2] file:/C:/Users/stsantia/IdeaProjects/MicroservicesPoC/deploy/servicefabric/User/user-microservice/code/jre/lib/ext/zipfs.jar
2016-03-16 07:35:31.473+0000 INFO  [o.n.k.i.DiagnosticsManager]:  [bootstrap] C:\Users\stsantia\IdeaProjects\MicroservicesPoC\deploy\servicefabric\User\user-microservice\code\jre\lib\resources.jar
2016-03-16 07:35:31.473+0000 INFO  [o.n.k.i.DiagnosticsManager]:  [bootstrap] C:\Users\stsantia\IdeaProjects\MicroservicesPoC\deploy\servicefabric\User\user-microservice\code\jre\classes
2016-03-16 07:35:31.473+0000 INFO  [o.n.k.i.DiagnosticsManager]:  [loader.2] file:/C:/Users/stsantia/IdeaProjects/MicroservicesPoC/deploy/servicefabric/User/user-microservice/code/jre/lib/ext/sunpkcs11.jar
2016-03-16 07:35:31.473+0000 INFO  [o.n.k.i.DiagnosticsManager]:  [loader.2] file:/C:/Users/stsantia/IdeaProjects/MicroservicesPoC/deploy/servicefabric/User/user-microservice/code/jre/lib/ext/access-bridge-64.jar
2016-03-16 07:35:31.473+0000 INFO  [o.n.k.i.DiagnosticsManager]:  [loader.2] file:/C:/Users/stsantia/IdeaProjects/MicroservicesPoC/deploy/servicefabric/User/user-microservice/code/jre/lib/ext/sunjce_provider.jar
2016-03-16 07:35:31.473+0000 INFO  [o.n.k.i.DiagnosticsManager]:  [loader.2] file:/C:/Users/stsantia/IdeaProjects/MicroservicesPoC/deploy/servicefabric/User/user-microservice/code/jre/lib/ext/localedata.jar
2016-03-16 07:35:31.473+0000 INFO  [o.n.k.i.DiagnosticsManager]:  [loader.2] file:/C:/Users/stsantia/IdeaProjects/MicroservicesPoC/deploy/servicefabric/User/user-microservice/code/jre/lib/ext/nashorn.jar
2016-03-16 07:35:31.473+0000 INFO  [o.n.k.i.DiagnosticsManager]: Library path:
2016-03-16 07:35:31.474+0000 INFO  [o.n.k.i.DiagnosticsManager]: C:\Users\stsantia\IdeaProjects\MicroservicesPoC\deploy\servicefabric\User\user-microservice\code\jre\bin
2016-03-16 07:35:31.474+0000 INFO  [o.n.k.i.DiagnosticsManager]: C:\Windows\Sun\Java\bin
2016-03-16 07:35:31.474+0000 INFO  [o.n.k.i.DiagnosticsManager]: C:\Windows\System32
2016-03-16 07:35:31.475+0000 INFO  [o.n.k.i.DiagnosticsManager]: C:\Windows
2016-03-16 07:35:31.475+0000 INFO  [o.n.k.i.DiagnosticsManager]: C:\Users\stsantia\bin
2016-03-16 07:35:31.475+0000 INFO  [o.n.k.i.DiagnosticsManager]: C:\Program Files\Git\mingw64\bin
2016-03-16 07:35:31.476+0000 INFO  [o.n.k.i.DiagnosticsManager]: C:\Program Files\Git\usr\local\bin
2016-03-16 07:35:31.476+0000 INFO  [o.n.k.i.DiagnosticsManager]: C:\Program Files\Git\usr\bin
2016-03-16 07:35:31.476+0000 INFO  [o.n.k.i.DiagnosticsManager]: C:\Program Files\Git\usr\bin
2016-03-16 07:35:31.476+0000 INFO  [o.n.k.i.DiagnosticsManager]: C:\Users\stsantia\bin
2016-03-16 07:35:31.476+0000 INFO  [o.n.k.i.DiagnosticsManager]: C:\Program Files\Git\mingw64\bin
2016-03-16 07:35:31.476+0000 INFO  [o.n.k.i.DiagnosticsManager]: C:\Program Files\Git\usr\local\bin
2016-03-16 07:35:31.476+0000 INFO  [o.n.k.i.DiagnosticsManager]: C:\Program Files\Git\usr\bin
2016-03-16 07:35:31.476+0000 INFO  [o.n.k.i.DiagnosticsManager]: C:\Program Files\Git\usr\bin
2016-03-16 07:35:31.476+0000 INFO  [o.n.k.i.DiagnosticsManager]: C:\Program Files\Git\mingw64\bin
2016-03-16 07:35:31.476+0000 INFO  [o.n.k.i.DiagnosticsManager]: C:\Program Files\Git\usr\bin
2016-03-16 07:35:31.476+0000 INFO  [o.n.k.i.DiagnosticsManager]: C:\Users\stsantia\bin
2016-03-16 07:35:31.477+0000 INFO  [o.n.k.i.DiagnosticsManager]: C:\Program Files\Java\jdk1.8.0_74\bin
2016-03-16 07:35:31.478+0000 INFO  [o.n.k.i.DiagnosticsManager]: C:\Program Files\IIS Express\PHP\v7.0
2016-03-16 07:35:31.478+0000 INFO  [o.n.k.i.DiagnosticsManager]: C:\Program Files\Common Files\microsoft shared\Microsoft Online Services
2016-03-16 07:35:31.479+0000 INFO  [o.n.k.i.DiagnosticsManager]: C:\Program Files (x86)\Common Files\Microsoft Shared\Microsoft Online Services
2016-03-16 07:35:31.479+0000 INFO  [o.n.k.i.DiagnosticsManager]: C:\Windows\System32
2016-03-16 07:35:31.479+0000 INFO  [o.n.k.i.DiagnosticsManager]: C:\Windows
2016-03-16 07:35:31.479+0000 INFO  [o.n.k.i.DiagnosticsManager]: C:\Windows\System32\wbem
2016-03-16 07:35:31.480+0000 INFO  [o.n.k.i.DiagnosticsManager]: C:\Windows\System32\WindowsPowerShell\v1.0
2016-03-16 07:35:31.480+0000 INFO  [o.n.k.i.DiagnosticsManager]: C:\HashiCorp\Vagrant\bin
2016-03-16 07:35:31.481+0000 INFO  [o.n.k.i.DiagnosticsManager]: C:\Program Files\Git\cmd
2016-03-16 07:35:31.482+0000 INFO  [o.n.k.i.DiagnosticsManager]: C:\Program Files (x86)\Microsoft SQL Server\Client SDK\ODBC\130\Tools\Binn
2016-03-16 07:35:31.483+0000 INFO  [o.n.k.i.DiagnosticsManager]: C:\Program Files (x86)\Microsoft SQL Server\130\Tools\Binn
2016-03-16 07:35:31.484+0000 INFO  [o.n.k.i.DiagnosticsManager]: C:\Program Files (x86)\Microsoft SQL Server\130\DTS\Binn
2016-03-16 07:35:31.484+0000 INFO  [o.n.k.i.DiagnosticsManager]: C:\Program Files (x86)\Microsoft SQL Server\130\Tools\Binn\ManagementStudio
2016-03-16 07:35:31.485+0000 INFO  [o.n.k.i.DiagnosticsManager]: C:\Users\stsantia\Maven\apache-maven-3.3.9\bin
2016-03-16 07:35:31.485+0000 INFO  [o.n.k.i.DiagnosticsManager]: C:\Program Files\Microsoft Service Fabric\bin\Fabric\Fabric.Code
2016-03-16 07:35:31.486+0000 INFO  [o.n.k.i.DiagnosticsManager]: C:\Program Files\Microsoft SDKs\Service Fabric\Tools\ServiceFabricLocalClusterManager
2016-03-16 07:35:31.487+0000 INFO  [o.n.k.i.DiagnosticsManager]: C:\Program Files (x86)\Microsoft SDKs\Azure\CLI\wbin
2016-03-16 07:35:31.488+0000 INFO  [o.n.k.i.DiagnosticsManager]: C:\Program Files\Docker Toolbox
2016-03-16 07:35:31.488+0000 INFO  [o.n.k.i.DiagnosticsManager]: C:\Program Files\Git\usr\bin\vendor_perl
2016-03-16 07:35:31.489+0000 INFO  [o.n.k.i.DiagnosticsManager]: C:\Program Files\Git\usr\bin\core_perl
2016-03-16 07:35:31.489+0000 INFO  [o.n.k.i.DiagnosticsManager]: C:\Program Files\Git\usr\bin\vendor_perl
2016-03-16 07:35:31.489+0000 INFO  [o.n.k.i.DiagnosticsManager]: C:\Program Files\Git\usr\bin\core_perl
2016-03-16 07:35:31.490+0000 INFO  [o.n.k.i.DiagnosticsManager]: C:\Users\stsantia\IdeaProjects\MicroservicesPoC\deploy\servicefabric\User\user-microservice\code
2016-03-16 07:35:31.490+0000 INFO  [o.n.k.i.DiagnosticsManager]: System.properties:
2016-03-16 07:35:31.490+0000 INFO  [o.n.k.i.DiagnosticsManager]: sun.boot.library.path = C:\Users\stsantia\IdeaProjects\MicroservicesPoC\deploy\servicefabric\User\user-microservice\code\jre\bin
2016-03-16 07:35:31.490+0000 INFO  [o.n.k.i.DiagnosticsManager]: path.separator = ;
2016-03-16 07:35:31.490+0000 INFO  [o.n.k.i.DiagnosticsManager]: file.encoding.pkg = sun.io
2016-03-16 07:35:31.490+0000 INFO  [o.n.k.i.DiagnosticsManager]: user.country = US
2016-03-16 07:35:31.490+0000 INFO  [o.n.k.i.DiagnosticsManager]: user.script = 
2016-03-16 07:35:31.490+0000 INFO  [o.n.k.i.DiagnosticsManager]: sun.java.launcher = SUN_STANDARD
2016-03-16 07:35:31.490+0000 INFO  [o.n.k.i.DiagnosticsManager]: sun.os.patch.level = 
2016-03-16 07:35:31.490+0000 INFO  [o.n.k.i.DiagnosticsManager]: PID = 1192
2016-03-16 07:35:31.490+0000 INFO  [o.n.k.i.DiagnosticsManager]: user.dir = C:\Users\stsantia\IdeaProjects\MicroservicesPoC\deploy\servicefabric\User\user-microservice\code
2016-03-16 07:35:31.490+0000 INFO  [o.n.k.i.DiagnosticsManager]: org.jboss.logging.provider = slf4j
2016-03-16 07:35:31.490+0000 INFO  [o.n.k.i.DiagnosticsManager]: user.variant = 
2016-03-16 07:35:31.490+0000 INFO  [o.n.k.i.DiagnosticsManager]: sun.jnu.encoding = Cp1252
2016-03-16 07:35:31.490+0000 INFO  [o.n.k.i.DiagnosticsManager]: sun.management.compiler = HotSpot 64-Bit Tiered Compilers
2016-03-16 07:35:31.490+0000 INFO  [o.n.k.i.DiagnosticsManager]: user.home = C:\Users\stsantia
2016-03-16 07:35:31.490+0000 INFO  [o.n.k.i.DiagnosticsManager]: catalina.useNaming = false
2016-03-16 07:35:31.490+0000 INFO  [o.n.k.i.DiagnosticsManager]: user.timezone = America/New_York
2016-03-16 07:35:31.491+0000 INFO  [o.n.k.i.DiagnosticsManager]: file.encoding = Cp1252
2016-03-16 07:35:31.491+0000 INFO  [o.n.k.i.DiagnosticsManager]: catalina.home = C:\Users\stsantia\AppData\Local\Temp\tomcat.3769233879294440400.9000
2016-03-16 07:35:31.491+0000 INFO  [o.n.k.i.DiagnosticsManager]: user.name = stsantia
2016-03-16 07:35:31.491+0000 INFO  [o.n.k.i.DiagnosticsManager]: sun.java.command = user-microservice-0.1.0.jar --spring.profiles.active=cloud --cloud_host=movies-servicefabric.eastus.cloudapp.azure.com
2016-03-16 07:35:31.491+0000 INFO  [o.n.k.i.DiagnosticsManager]: sun.arch.data.model = 64
2016-03-16 07:35:31.491+0000 INFO  [o.n.k.i.DiagnosticsManager]: user.language = en
2016-03-16 07:35:31.491+0000 INFO  [o.n.k.i.DiagnosticsManager]: awt.toolkit = sun.awt.windows.WToolkit
2016-03-16 07:35:31.491+0000 INFO  [o.n.k.i.DiagnosticsManager]: sun.stderr.encoding = cp437
2016-03-16 07:35:31.491+0000 INFO  [o.n.k.i.DiagnosticsManager]: catalina.base = C:\Users\stsantia\AppData\Local\Temp\tomcat.3769233879294440400.9000
2016-03-16 07:35:31.491+0000 INFO  [o.n.k.i.DiagnosticsManager]: file.separator = \
2016-03-16 07:35:31.491+0000 INFO  [o.n.k.i.DiagnosticsManager]: sun.io.unicode.encoding = UnicodeLittle
2016-03-16 07:35:31.491+0000 INFO  [o.n.k.i.DiagnosticsManager]: sun.cpu.endian = little
2016-03-16 07:35:31.492+0000 INFO  [o.n.k.i.DiagnosticsManager]: sun.stdout.encoding = cp437
2016-03-16 07:35:31.492+0000 INFO  [o.n.k.i.DiagnosticsManager]: sun.desktop = windows
2016-03-16 07:35:31.492+0000 INFO  [o.n.k.i.DiagnosticsManager]: sun.cpu.isalist = amd64
2016-03-16 07:35:31.492+0000 INFO  [o.n.k.i.DiagnosticsManager]: Network information:
2016-03-16 07:35:31.595+0000 INFO  [o.n.k.i.DiagnosticsManager]: Interface Software Loopback Interface 1:
2016-03-16 07:35:31.596+0000 INFO  [o.n.k.i.DiagnosticsManager]:     address: 127.0.0.1
2016-03-16 07:35:31.596+0000 INFO  [o.n.k.i.DiagnosticsManager]:     address: 0:0:0:0:0:0:0:1
2016-03-16 07:35:31.596+0000 INFO  [o.n.k.i.DiagnosticsManager]: Interface WAN Miniport (PPPOE):
2016-03-16 07:35:31.596+0000 INFO  [o.n.k.i.DiagnosticsManager]: Interface Microsoft Wi-Fi Direct Virtual Adapter:
2016-03-16 07:35:31.596+0000 INFO  [o.n.k.i.DiagnosticsManager]:     address: fe80:0:0:0:f18d:d9ae:eac5:c422%wlan0
2016-03-16 07:35:31.596+0000 INFO  [o.n.k.i.DiagnosticsManager]: Interface Microsoft Kernel Debug Network Adapter:
2016-03-16 07:35:31.597+0000 INFO  [o.n.k.i.DiagnosticsManager]: Interface Microsoft ISATAP Adapter #5:
2016-03-16 07:35:31.597+0000 INFO  [o.n.k.i.DiagnosticsManager]:     address: fe80:0:0:0:0:5efe:c0a8:6301%net0
2016-03-16 07:35:31.597+0000 INFO  [o.n.k.i.DiagnosticsManager]: Interface WAN Miniport (L2TP):
2016-03-16 07:35:31.597+0000 INFO  [o.n.k.i.DiagnosticsManager]: Interface Microsoft Wi-Fi Direct Virtual Adapter-VirtualBox NDIS Light-Weight Filter-0000:
2016-03-16 07:35:31.597+0000 INFO  [o.n.k.i.DiagnosticsManager]: Interface Bluetooth Device (RFCOMM Protocol TDI):
2016-03-16 07:35:31.597+0000 INFO  [o.n.k.i.DiagnosticsManager]: Interface WAN Miniport (IKEv2):
2016-03-16 07:35:31.597+0000 INFO  [o.n.k.i.DiagnosticsManager]: Interface Microsoft ISATAP Adapter #3:
2016-03-16 07:35:31.597+0000 INFO  [o.n.k.i.DiagnosticsManager]: Interface WAN Miniport (PPTP):
2016-03-16 07:35:31.597+0000 INFO  [o.n.k.i.DiagnosticsManager]: Interface Teredo Tunneling Pseudo-Interface:
2016-03-16 07:35:31.597+0000 INFO  [o.n.k.i.DiagnosticsManager]:     address: 2001:0:cea5:dd10:2c63:157e:51cf:b8ac
2016-03-16 07:35:31.597+0000 INFO  [o.n.k.i.DiagnosticsManager]:     address: fe80:0:0:0:2c63:157e:51cf:b8ac%net6
2016-03-16 07:35:31.597+0000 INFO  [o.n.k.i.DiagnosticsManager]: Interface WAN Miniport (SSTP):
2016-03-16 07:35:31.597+0000 INFO  [o.n.k.i.DiagnosticsManager]: Interface Bluetooth Device (Personal Area Network):
2016-03-16 07:35:31.597+0000 INFO  [o.n.k.i.DiagnosticsManager]:     address: fe80:0:0:0:6c59:b579:dd3d:5dd%eth1
2016-03-16 07:35:31.597+0000 INFO  [o.n.k.i.DiagnosticsManager]: Interface WAN Miniport (IPv6):
2016-03-16 07:35:31.597+0000 INFO  [o.n.k.i.DiagnosticsManager]: Interface Microsoft ISATAP Adapter #4:
2016-03-16 07:35:31.597+0000 INFO  [o.n.k.i.DiagnosticsManager]: Interface Microsoft ISATAP Adapter #2:
2016-03-16 07:35:31.598+0000 INFO  [o.n.k.i.DiagnosticsManager]:     address: fe80:0:0:0:0:5efe:c0a8:3801%net9
2016-03-16 07:35:31.598+0000 INFO  [o.n.k.i.DiagnosticsManager]: Interface WAN Miniport (IP):
2016-03-16 07:35:31.598+0000 INFO  [o.n.k.i.DiagnosticsManager]: Interface WAN Miniport (Network Monitor):
2016-03-16 07:35:31.598+0000 INFO  [o.n.k.i.DiagnosticsManager]: Interface Marvell AVASTAR Wireless-AC Network Controller:
2016-03-16 07:35:31.598+0000 INFO  [o.n.k.i.DiagnosticsManager]:     address: 10.0.0.19
2016-03-16 07:35:31.598+0000 INFO  [o.n.k.i.DiagnosticsManager]:     address: 2601:589:1:870e:1e5:6e67:93a7:9424
2016-03-16 07:35:31.598+0000 INFO  [o.n.k.i.DiagnosticsManager]:     address: 2601:589:1:870e:c233:5eff:fee6:a5c3
2016-03-16 07:35:31.598+0000 INFO  [o.n.k.i.DiagnosticsManager]:     address: 2601:589:1:870e:3495:5fbb:4152:f177
2016-03-16 07:35:31.598+0000 INFO  [o.n.k.i.DiagnosticsManager]:     address: fe80:0:0:0:1e5:6e67:93a7:9424%wlan2
2016-03-16 07:35:31.598+0000 INFO  [o.n.k.i.DiagnosticsManager]: Interface VirtualBox Host-Only Ethernet Adapter #2:
2016-03-16 07:35:31.598+0000 INFO  [o.n.k.i.DiagnosticsManager]:     address: 192.168.99.1
2016-03-16 07:35:31.598+0000 INFO  [o.n.k.i.DiagnosticsManager]:     address: fe80:0:0:0:91a4:63:3b0c:fdde%eth5
2016-03-16 07:35:31.598+0000 INFO  [o.n.k.i.DiagnosticsManager]: Interface VirtualBox Host-Only Ethernet Adapter:
2016-03-16 07:35:31.598+0000 INFO  [o.n.k.i.DiagnosticsManager]:     address: 192.168.56.1
2016-03-16 07:35:31.598+0000 INFO  [o.n.k.i.DiagnosticsManager]:     address: fe80:0:0:0:4ca5:dc2:2d23:8c45%eth6
2016-03-16 07:35:31.604+0000 INFO  [o.n.k.i.DiagnosticsManager]: Interface VirtualBox Host-Only Ethernet Adapter-WFP Native MAC Layer LightWeight Filter-0000:
2016-03-16 07:35:31.604+0000 INFO  [o.n.k.i.DiagnosticsManager]: Interface VirtualBox Host-Only Ethernet Adapter-VirtualBox NDIS Light-Weight Filter-0000:
2016-03-16 07:35:31.604+0000 INFO  [o.n.k.i.DiagnosticsManager]: Interface VirtualBox Host-Only Ethernet Adapter-QoS Packet Scheduler-0000:
2016-03-16 07:35:31.604+0000 INFO  [o.n.k.i.DiagnosticsManager]: Interface VirtualBox Host-Only Ethernet Adapter-WFP 802.3 MAC Layer LightWeight Filter-0000:
2016-03-16 07:35:31.604+0000 INFO  [o.n.k.i.DiagnosticsManager]: Interface VirtualBox Host-Only Ethernet Adapter #2-WFP Native MAC Layer LightWeight Filter-0000:
2016-03-16 07:35:31.604+0000 INFO  [o.n.k.i.DiagnosticsManager]: Interface VirtualBox Host-Only Ethernet Adapter #2-VirtualBox NDIS Light-Weight Filter-0000:
2016-03-16 07:35:31.604+0000 INFO  [o.n.k.i.DiagnosticsManager]: Interface VirtualBox Host-Only Ethernet Adapter #2-QoS Packet Scheduler-0000:
2016-03-16 07:35:31.604+0000 INFO  [o.n.k.i.DiagnosticsManager]: Interface VirtualBox Host-Only Ethernet Adapter #2-WFP 802.3 MAC Layer LightWeight Filter-0000:
2016-03-16 07:35:31.605+0000 INFO  [o.n.k.i.DiagnosticsManager]: Interface Marvell AVASTAR Wireless-AC Network Controller-WFP Native MAC Layer LightWeight Filter-0000:
2016-03-16 07:35:31.605+0000 INFO  [o.n.k.i.DiagnosticsManager]: Interface Marvell AVASTAR Wireless-AC Network Controller-Virtual WiFi Filter Driver-0000:
2016-03-16 07:35:31.605+0000 INFO  [o.n.k.i.DiagnosticsManager]: Interface Marvell AVASTAR Wireless-AC Network Controller-Native WiFi Filter Driver-0000:
2016-03-16 07:35:31.605+0000 INFO  [o.n.k.i.DiagnosticsManager]: Interface Marvell AVASTAR Wireless-AC Network Controller-VirtualBox NDIS Light-Weight Filter-0000:
2016-03-16 07:35:31.605+0000 INFO  [o.n.k.i.DiagnosticsManager]: Interface Marvell AVASTAR Wireless-AC Network Controller-QoS Packet Scheduler-0000:
2016-03-16 07:35:31.605+0000 INFO  [o.n.k.i.DiagnosticsManager]: Interface Marvell AVASTAR Wireless-AC Network Controller-WFP 802.3 MAC Layer LightWeight Filter-0000:
2016-03-16 07:35:31.605+0000 INFO  [o.n.k.i.DiagnosticsManager]: Interface Microsoft Wi-Fi Direct Virtual Adapter-WFP Native MAC Layer LightWeight Filter-0000:
2016-03-16 07:35:31.605+0000 INFO  [o.n.k.i.DiagnosticsManager]: Interface Microsoft Wi-Fi Direct Virtual Adapter-Native WiFi Filter Driver-0000:
2016-03-16 07:35:31.605+0000 INFO  [o.n.k.i.DiagnosticsManager]: Interface Microsoft Wi-Fi Direct Virtual Adapter-QoS Packet Scheduler-0000:
2016-03-16 07:35:31.605+0000 INFO  [o.n.k.i.DiagnosticsManager]: Interface Microsoft Wi-Fi Direct Virtual Adapter-WFP 802.3 MAC Layer LightWeight Filter-0000:
2016-03-16 07:35:31.605+0000 INFO  [o.n.k.i.DiagnosticsManager]: Interface IPHTTPSInterface:
2016-03-16 07:35:31.606+0000 INFO  [o.n.k.i.DiagnosticsManager]:     address: 2001:4898:80a8:f058:71cd:afda:2b98:8dfe
2016-03-16 07:35:31.606+0000 INFO  [o.n.k.i.DiagnosticsManager]:     address: 2001:4898:80a8:f058:d574:1fc8:4cc1:6e83
2016-03-16 07:35:31.606+0000 INFO  [o.n.k.i.DiagnosticsManager]:     address: fe80:0:0:0:71cd:afda:2b98:8dfe%net10
2016-03-16 07:35:31.606+0000 INFO  [o.n.k.i.DiagnosticsManager]: --- INITIALIZED diagnostics END ---
2016-03-16 07:35:31.727+0000 INFO  [o.n.k.i.n.s.StoreFactory]: Creating new db @ user.db\neostore
2016-03-16 07:35:32.005+0000 INFO  [o.n.k.i.n.s.StoreFactory]: [user.db\neostore.relationshiptypestore.db.names] brickCount=0 brickSize=0b mappedMem=0b (storeSize=38b)
2016-03-16 07:35:32.007+0000 INFO  [o.n.k.i.n.s.StoreFactory]: [user.db\neostore.relationshiptypestore.db] brickCount=0 brickSize=0b mappedMem=0b (storeSize=0b)
2016-03-16 07:35:32.024+0000 INFO  [o.n.k.i.n.s.StoreFactory]: user.db\neostore.relationshiptypestore.db.names hit=0 miss=0 switches=0 ooe=0
2016-03-16 07:35:32.059+0000 INFO  [o.n.k.i.n.s.StoreFactory]: user.db\neostore.relationshiptypestore.db hit=0 miss=0 switches=0 ooe=0
2016-03-16 07:35:32.116+0000 INFO  [o.n.k.i.n.s.StoreFactory]: [user.db\neostore.labeltokenstore.db.names] brickCount=0 brickSize=0b mappedMem=0b (storeSize=38b)
2016-03-16 07:35:32.117+0000 INFO  [o.n.k.i.n.s.StoreFactory]: [user.db\neostore.labeltokenstore.db] brickCount=0 brickSize=0b mappedMem=0b (storeSize=0b)
2016-03-16 07:35:32.120+0000 INFO  [o.n.k.i.n.s.StoreFactory]: user.db\neostore.labeltokenstore.db.names hit=0 miss=0 switches=0 ooe=0
2016-03-16 07:35:32.157+0000 INFO  [o.n.k.i.n.s.StoreFactory]: user.db\neostore.labeltokenstore.db hit=0 miss=0 switches=0 ooe=0
2016-03-16 07:35:32.323+0000 INFO  [o.n.k.i.n.s.StoreFactory]: [user.db\neostore.relationshiptypestore.db.names] brickCount=0 brickSize=0b mappedMem=0b (storeSize=38b)
2016-03-16 07:35:32.324+0000 INFO  [o.n.k.i.n.s.StoreFactory]: [user.db\neostore.relationshiptypestore.db] brickCount=0 brickSize=0b mappedMem=0b (storeSize=0b)
2016-03-16 07:35:32.325+0000 INFO  [o.n.k.i.n.s.StoreFactory]: [user.db\neostore.labeltokenstore.db.names] brickCount=0 brickSize=0b mappedMem=0b (storeSize=38b)
2016-03-16 07:35:32.325+0000 INFO  [o.n.k.i.n.s.StoreFactory]: [user.db\neostore.labeltokenstore.db] brickCount=0 brickSize=0b mappedMem=0b (storeSize=0b)
2016-03-16 07:35:32.326+0000 INFO  [o.n.k.i.n.s.StoreFactory]: [user.db\neostore.propertystore.db.strings] brickCount=0 brickSize=97408b mappedMem=97517568b (storeSize=128b)
2016-03-16 07:35:32.327+0000 INFO  [o.n.k.i.n.s.StoreFactory]: [user.db\neostore.propertystore.db.index.keys] brickCount=0 brickSize=0b mappedMem=0b (storeSize=38b)
2016-03-16 07:35:32.327+0000 INFO  [o.n.k.i.n.s.StoreFactory]: [user.db\neostore.propertystore.db.index] brickCount=0 brickSize=0b mappedMem=0b (storeSize=0b)
2016-03-16 07:35:32.328+0000 INFO  [o.n.k.i.n.s.StoreFactory]: [user.db\neostore.propertystore.db.arrays] brickCount=0 brickSize=111104b mappedMem=111149056b (storeSize=128b)
2016-03-16 07:35:32.331+0000 INFO  [o.n.k.i.n.s.StoreFactory]: [user.db\neostore.propertystore.db] brickCount=0 brickSize=1153412b mappedMem=115343360b (storeSize=0b)
2016-03-16 07:35:32.336+0000 INFO  [o.n.k.i.n.s.StoreFactory]: [user.db\neostore.relationshipstore.db] brickCount=0 brickSize=1415556b mappedMem=141557760b (storeSize=0b)
2016-03-16 07:35:32.337+0000 INFO  [o.n.k.i.n.s.StoreFactory]: [user.db\neostore.nodestore.db.labels] brickCount=0 brickSize=0b mappedMem=0b (storeSize=68b)
2016-03-16 07:35:32.340+0000 INFO  [o.n.k.i.n.s.StoreFactory]: [user.db\neostore.nodestore.db] brickCount=0 brickSize=314565b mappedMem=31457280b (storeSize=0b)
2016-03-16 07:35:32.341+0000 INFO  [o.n.k.i.n.s.StoreFactory]: [user.db\neostore.schemastore.db] brickCount=0 brickSize=0b mappedMem=0b (storeSize=64b)
2016-03-16 07:35:32.343+0000 INFO  [o.n.k.i.n.s.StoreFactory]: [user.db\neostore.relationshipgroupstore.db] brickCount=0 brickSize=0b mappedMem=0b (storeSize=25b)
2016-03-16 07:35:32.344+0000 INFO  [o.n.k.i.n.s.StoreFactory]: [user.db\neostore] brickCount=0 brickSize=0b mappedMem=0b (storeSize=0b)
2016-03-16 07:35:32.365+0000 INFO  [o.n.k.i.n.s.StoreFactory]: user.db\neostore.relationshiptypestore.db.names hit=0 miss=0 switches=0 ooe=0
2016-03-16 07:35:32.381+0000 INFO  [o.n.k.i.n.s.StoreFactory]: user.db\neostore.relationshiptypestore.db hit=0 miss=0 switches=0 ooe=0
2016-03-16 07:35:32.411+0000 INFO  [o.n.k.i.n.s.StoreFactory]: user.db\neostore.labeltokenstore.db.names hit=0 miss=0 switches=0 ooe=0
2016-03-16 07:35:32.430+0000 INFO  [o.n.k.i.n.s.StoreFactory]: user.db\neostore.labeltokenstore.db hit=0 miss=0 switches=0 ooe=0
2016-03-16 07:35:32.478+0000 INFO  [o.n.k.i.n.s.StoreFactory]: user.db\neostore.propertystore.db.strings hit=0 miss=0 switches=0 ooe=0
2016-03-16 07:35:32.499+0000 INFO  [o.n.k.i.n.s.StoreFactory]: user.db\neostore.propertystore.db.index.keys hit=0 miss=0 switches=0 ooe=0
2016-03-16 07:35:32.518+0000 INFO  [o.n.k.i.n.s.StoreFactory]: user.db\neostore.propertystore.db.index hit=0 miss=0 switches=0 ooe=0
2016-03-16 07:35:32.538+0000 INFO  [o.n.k.i.n.s.StoreFactory]: user.db\neostore.propertystore.db.arrays hit=0 miss=0 switches=0 ooe=0
2016-03-16 07:35:32.580+0000 INFO  [o.n.k.i.n.s.StoreFactory]: user.db\neostore.propertystore.db hit=0 miss=0 switches=0 ooe=0
2016-03-16 07:35:32.595+0000 INFO  [o.n.k.i.n.s.StoreFactory]: user.db\neostore.relationshipstore.db hit=0 miss=0 switches=0 ooe=0
2016-03-16 07:35:32.611+0000 INFO  [o.n.k.i.n.s.StoreFactory]: user.db\neostore.nodestore.db.labels hit=0 miss=0 switches=0 ooe=0
2016-03-16 07:35:32.628+0000 INFO  [o.n.k.i.n.s.StoreFactory]: user.db\neostore.nodestore.db hit=0 miss=0 switches=0 ooe=0
2016-03-16 07:35:32.654+0000 INFO  [o.n.k.i.n.s.StoreFactory]: user.db\neostore.schemastore.db hit=0 miss=0 switches=0 ooe=0
2016-03-16 07:35:32.680+0000 INFO  [o.n.k.i.n.s.StoreFactory]: user.db\neostore.relationshipgroupstore.db hit=0 miss=0 switches=0 ooe=0
2016-03-16 07:35:32.706+0000 INFO  [o.n.k.i.n.s.StoreFactory]: user.db\neostore hit=0 miss=10 switches=0 ooe=0
2016-03-16 07:35:32.734+0000 INFO  [o.n.k.i.n.s.StoreFactory]: [user.db\neostore.relationshiptypestore.db.names] brickCount=0 brickSize=0b mappedMem=0b (storeSize=38b)
2016-03-16 07:35:32.735+0000 INFO  [o.n.k.i.n.s.StoreFactory]: [user.db\neostore.relationshiptypestore.db] brickCount=0 brickSize=0b mappedMem=0b (storeSize=0b)
2016-03-16 07:35:32.735+0000 INFO  [o.n.k.i.n.s.StoreFactory]: [user.db\neostore.labeltokenstore.db.names] brickCount=0 brickSize=0b mappedMem=0b (storeSize=38b)
2016-03-16 07:35:32.736+0000 INFO  [o.n.k.i.n.s.StoreFactory]: [user.db\neostore.labeltokenstore.db] brickCount=0 brickSize=0b mappedMem=0b (storeSize=0b)
2016-03-16 07:35:32.737+0000 INFO  [o.n.k.i.n.s.StoreFactory]: [user.db\neostore.propertystore.db.strings] brickCount=0 brickSize=97408b mappedMem=97517568b (storeSize=128b)
2016-03-16 07:35:32.738+0000 INFO  [o.n.k.i.n.s.StoreFactory]: [user.db\neostore.propertystore.db.index.keys] brickCount=0 brickSize=0b mappedMem=0b (storeSize=38b)
2016-03-16 07:35:32.739+0000 INFO  [o.n.k.i.n.s.StoreFactory]: [user.db\neostore.propertystore.db.index] brickCount=0 brickSize=0b mappedMem=0b (storeSize=0b)
2016-03-16 07:35:32.740+0000 INFO  [o.n.k.i.n.s.StoreFactory]: [user.db\neostore.propertystore.db.arrays] brickCount=0 brickSize=111104b mappedMem=111149056b (storeSize=128b)
2016-03-16 07:35:32.740+0000 INFO  [o.n.k.i.n.s.StoreFactory]: [user.db\neostore.propertystore.db] brickCount=0 brickSize=1153412b mappedMem=115343360b (storeSize=0b)
2016-03-16 07:35:32.741+0000 INFO  [o.n.k.i.n.s.StoreFactory]: [user.db\neostore.relationshipstore.db] brickCount=0 brickSize=1415556b mappedMem=141557760b (storeSize=0b)
2016-03-16 07:35:32.742+0000 INFO  [o.n.k.i.n.s.StoreFactory]: [user.db\neostore.nodestore.db.labels] brickCount=0 brickSize=0b mappedMem=0b (storeSize=68b)
2016-03-16 07:35:32.743+0000 INFO  [o.n.k.i.n.s.StoreFactory]: [user.db\neostore.nodestore.db] brickCount=0 brickSize=314565b mappedMem=31457280b (storeSize=0b)
2016-03-16 07:35:32.744+0000 INFO  [o.n.k.i.n.s.StoreFactory]: [user.db\neostore.schemastore.db] brickCount=0 brickSize=0b mappedMem=0b (storeSize=64b)
2016-03-16 07:35:32.746+0000 INFO  [o.n.k.i.n.s.StoreFactory]: [user.db\neostore.relationshipgroupstore.db] brickCount=0 brickSize=0b mappedMem=0b (storeSize=25b)
2016-03-16 07:35:32.747+0000 INFO  [o.n.k.i.n.s.StoreFactory]: [user.db\neostore] brickCount=0 brickSize=0b mappedMem=0b (storeSize=81b)
2016-03-16 07:35:32.850+0000 INFO  [o.n.k.a.i.i.LuceneLabelScanStore]: No lucene scan store index found, this might just be first use. Preparing to rebuild.
2016-03-16 07:35:32.888+0000 INFO  [o.n.k.a.i.i.LuceneLabelScanStore]: No lucene scan store index found, this might just be first use. Preparing to rebuild.
2016-03-16 07:35:33.039+0000 INFO  [o.n.k.i.t.x.XaLogicalLog]: Opened logical log [user.db\nioneo_logical.log.1] version=0, lastTxId=1 (clean)
2016-03-16 07:35:33.056+0000 INFO  [o.n.k.a.i.i.LuceneLabelScanStore]: Rebuilding lucene scan store, this may take a while
2016-03-16 07:35:33.060+0000 INFO  [o.n.k.a.i.i.LuceneLabelScanStore]: Lucene scan store rebuilt (roughly -1 nodes)
2016-03-16 07:35:33.067+0000 INFO  [o.n.k.i.t.TxManager]: TM new log: tm_tx_log.1
2016-03-16 07:35:33.090+0000 INFO  [o.n.k.i.t.KernelHealth]: Kernel health set to OK
2016-03-16 07:35:33.114+0000 INFO  [o.n.k.i.t.x.XaLogicalLog]: Opened logical log [user.db\index\lucene.log.1] version=0, lastTxId=1 (clean)
2016-03-16 07:35:33.139+0000 INFO  [o.n.k.i.DiagnosticsManager]: --- STARTED diagnostics for KernelDiagnostics:Versions START ---
2016-03-16 07:35:33.139+0000 INFO  [o.n.k.i.DiagnosticsManager]: Graph Database: org.neo4j.kernel.EmbeddedGraphDatabase StoreId{creationTime=1458113731734, randomId=5984862990153997607, storeVersion=14406081294923270, upgradeTime=1458113731734, upgradeId=5984862990153997607}
2016-03-16 07:35:33.139+0000 INFO  [o.n.k.i.DiagnosticsManager]: Kernel version: Neo4j - Graph Database Kernel (neo4j-kernel), version: 2.1.5
2016-03-16 07:35:33.139+0000 INFO  [o.n.k.i.DiagnosticsManager]: Neo4j component versions:
2016-03-16 07:35:33.143+0000 INFO  [o.n.k.i.DiagnosticsManager]:   Neo4j - Cypher Compiler 1.9 (neo4j-cypher-compiler-1.9), version: 2.0.3; revision: 2.0.3:2.0-maint:72/307c563c11b75fdc71cfa6df05daf9b08d6c37dc
2016-03-16 07:35:33.143+0000 INFO  [o.n.k.i.DiagnosticsManager]:   Neo4j Community (neo4j), version: 2.1.5; revision: 2.1.5:2.1-maint:529/45c3cc04946c2b0e243e48c8252e40cb85931744
2016-03-16 07:35:33.144+0000 INFO  [o.n.k.i.DiagnosticsManager]:   Neo4j - Cypher Commons (neo4j-cypher-commons), version: 2.1.5; revision: 2.1.5:2.1-maint:529/45c3cc04946c2b0e243e48c8252e40cb85931744
2016-03-16 07:35:33.144+0000 INFO  [o.n.k.i.DiagnosticsManager]:   neo4j-udc, version: 2.1.5; revision: 2.1.5:2.1-maint:529/45c3cc04946c2b0e243e48c8252e40cb85931744
2016-03-16 07:35:33.144+0000 INFO  [o.n.k.i.DiagnosticsManager]:   Neo4j - Lucene Index (neo4j-lucene-index), version: 2.1.5; revision: 2.1.5:2.1-maint:529/45c3cc04946c2b0e243e48c8252e40cb85931744
2016-03-16 07:35:33.144+0000 INFO  [o.n.k.i.DiagnosticsManager]:   Neo4j - Cypher Compiler 2.0 (neo4j-cypher-compiler-2.0), version: 2.0.3; revision: 2.0.3:2.0-maint:72/307c563c11b75fdc71cfa6df05daf9b08d6c37dc
2016-03-16 07:35:33.144+0000 INFO  [o.n.k.i.DiagnosticsManager]:   Neo4j - Graph Database Kernel (neo4j-kernel), version: 2.1.5; revision: 2.1.5:2.1-maint:529/45c3cc04946c2b0e243e48c8252e40cb85931744
2016-03-16 07:35:33.144+0000 INFO  [o.n.k.i.DiagnosticsManager]:   Neo4j - Graph Matching (neo4j-graph-matching), version: 2.1.5; revision: 2.1.5:2.1-maint:529/45c3cc04946c2b0e243e48c8252e40cb85931744
2016-03-16 07:35:33.144+0000 INFO  [o.n.k.i.DiagnosticsManager]:   Neo4j - JMX support (neo4j-jmx), version: 2.1.5; revision: 2.1.5:2.1-maint:529/45c3cc04946c2b0e243e48c8252e40cb85931744
2016-03-16 07:35:33.144+0000 INFO  [o.n.k.i.DiagnosticsManager]:   Neo4j - Cypher (neo4j-cypher), version: 2.1.5; revision: 2.1.5:2.1-maint:529/45c3cc04946c2b0e243e48c8252e40cb85931744
2016-03-16 07:35:33.144+0000 INFO  [o.n.k.i.DiagnosticsManager]:   Neo4j - Graph Algorithms (neo4j-graph-algo), version: 2.1.5; revision: 2.1.5:2.1-maint:529/45c3cc04946c2b0e243e48c8252e40cb85931744
2016-03-16 07:35:33.144+0000 INFO  [o.n.k.i.DiagnosticsManager]: --- STARTED diagnostics for KernelDiagnostics:Versions END ---
2016-03-16 07:35:33.152+0000 INFO  [o.n.k.i.DiagnosticsManager]: --- STARTED diagnostics for NEO_STORE_VERSIONS START ---
2016-03-16 07:35:33.152+0000 INFO  [o.n.k.i.DiagnosticsManager]: Store versions:
2016-03-16 07:35:33.153+0000 INFO  [o.n.k.i.DiagnosticsManager]: Store versions:
2016-03-16 07:35:33.153+0000 INFO  [o.n.k.i.DiagnosticsManager]:   NeoStore v0.A.3
2016-03-16 07:35:33.153+0000 INFO  [o.n.k.i.DiagnosticsManager]:   SchemaStore v0.A.3
2016-03-16 07:35:33.153+0000 INFO  [o.n.k.i.DiagnosticsManager]:   NodeStore v0.A.3
2016-03-16 07:35:33.153+0000 INFO  [o.n.k.i.DiagnosticsManager]:   RelationshipStore v0.A.3
2016-03-16 07:35:33.153+0000 INFO  [o.n.k.i.DiagnosticsManager]:   RelationshipTypeStore v0.A.3
2016-03-16 07:35:33.153+0000 INFO  [o.n.k.i.DiagnosticsManager]:   LabelTokenStore v0.A.3
2016-03-16 07:35:33.153+0000 INFO  [o.n.k.i.DiagnosticsManager]:   PropertyStore v0.A.3
2016-03-16 07:35:33.153+0000 INFO  [o.n.k.i.DiagnosticsManager]:   PropertyIndexStore v0.A.3
2016-03-16 07:35:33.153+0000 INFO  [o.n.k.i.DiagnosticsManager]:   StringPropertyStore v0.A.3
2016-03-16 07:35:33.153+0000 INFO  [o.n.k.i.DiagnosticsManager]:   ArrayPropertyStore v0.A.3
2016-03-16 07:35:33.153+0000 INFO  [o.n.k.i.DiagnosticsManager]:   RelationshipGroupStore v0.A.3
2016-03-16 07:35:33.153+0000 INFO  [o.n.k.i.DiagnosticsManager]: --- STARTED diagnostics for NEO_STORE_VERSIONS END ---
2016-03-16 07:35:33.153+0000 INFO  [o.n.k.i.DiagnosticsManager]: --- STARTED diagnostics for NEO_STORE_ID_USAGE START ---
2016-03-16 07:35:33.153+0000 INFO  [o.n.k.i.DiagnosticsManager]: Id usage:
2016-03-16 07:35:33.153+0000 INFO  [o.n.k.i.DiagnosticsManager]: Id usage:
2016-03-16 07:35:33.153+0000 INFO  [o.n.k.i.DiagnosticsManager]:   SchemaStore: used=1 high=0
2016-03-16 07:35:33.153+0000 INFO  [o.n.k.i.DiagnosticsManager]:   NodeStore: used=0 high=-1
2016-03-16 07:35:33.153+0000 INFO  [o.n.k.i.DiagnosticsManager]:   RelationshipStore: used=0 high=-1
2016-03-16 07:35:33.154+0000 INFO  [o.n.k.i.DiagnosticsManager]:   RelationshipTypeStore: used=0 high=-1
2016-03-16 07:35:33.154+0000 INFO  [o.n.k.i.DiagnosticsManager]:   LabelTokenStore: used=0 high=-1
2016-03-16 07:35:33.154+0000 INFO  [o.n.k.i.DiagnosticsManager]:   PropertyStore: used=0 high=-1
2016-03-16 07:35:33.154+0000 INFO  [o.n.k.i.DiagnosticsManager]:   PropertyIndexStore: used=0 high=-1
2016-03-16 07:35:33.154+0000 INFO  [o.n.k.i.DiagnosticsManager]:   StringPropertyStore: used=1 high=0
2016-03-16 07:35:33.154+0000 INFO  [o.n.k.i.DiagnosticsManager]:   ArrayPropertyStore: used=1 high=0
2016-03-16 07:35:33.154+0000 INFO  [o.n.k.i.DiagnosticsManager]:   RelationshipGroupStore: used=1 high=0
2016-03-16 07:35:33.154+0000 INFO  [o.n.k.i.DiagnosticsManager]: --- STARTED diagnostics for NEO_STORE_ID_USAGE END ---
2016-03-16 07:35:33.154+0000 INFO  [o.n.k.i.DiagnosticsManager]: --- STARTED diagnostics for PERSISTENCE_WINDOW_POOL_STATS START ---
2016-03-16 07:35:33.154+0000 INFO  [o.n.k.i.DiagnosticsManager]: --- STARTED diagnostics for PERSISTENCE_WINDOW_POOL_STATS END ---
2016-03-16 07:35:33.154+0000 INFO  [o.n.k.i.DiagnosticsManager]: --- STARTED diagnostics for KernelDiagnostics:StoreFiles START ---
2016-03-16 07:35:33.157+0000 INFO  [o.n.k.i.DiagnosticsManager]: Disk space on partition (Total / Free / Free %): 510613516288 / 365921832960 / 71
Storage files: (filename : modification date - size)
2016-03-16 07:35:33.160+0000 INFO  [o.n.k.i.DiagnosticsManager]:   active_tx_log: 2016-03-16T03:35:33-0400 - 11.00 B
2016-03-16 07:35:33.161+0000 INFO  [o.n.k.i.DiagnosticsManager]:   index:
2016-03-16 07:35:33.161+0000 INFO  [o.n.k.i.DiagnosticsManager]:     lucene-store.db: 2016-03-16T03:35:33-0400 - 40.00 B
2016-03-16 07:35:33.163+0000 INFO  [o.n.k.i.DiagnosticsManager]:     lucene.log.1: 2016-03-16T03:35:33-0400 - 16.00 B
2016-03-16 07:35:33.163+0000 INFO  [o.n.k.i.DiagnosticsManager]:     lucene.log.active: 2016-03-16T03:35:33-0400 - 4.00 B
2016-03-16 07:35:33.163+0000 INFO  [o.n.k.i.DiagnosticsManager]:   - Total: 2016-03-16T03:35:33-0400 - 60.00 B
2016-03-16 07:35:33.164+0000 INFO  [o.n.k.i.DiagnosticsManager]:   lock: 2016-03-16T03:35:31-0400 - 0.00 B
2016-03-16 07:35:33.175+0000 INFO  [o.n.k.i.DiagnosticsManager]:   messages.log: 2016-03-16T03:35:31-0400 - 40.96 kB
2016-03-16 07:35:33.179+0000 INFO  [o.n.k.i.DiagnosticsManager]:   neostore: 2016-03-16T03:35:32-0400 - 81.00 B
2016-03-16 07:35:33.180+0000 INFO  [o.n.k.i.DiagnosticsManager]:   neostore.id: 2016-03-16T03:35:32-0400 - 9.00 B
2016-03-16 07:35:33.180+0000 INFO  [o.n.k.i.DiagnosticsManager]:   neostore.labeltokenstore.db: 2016-03-16T03:35:32-0400 - 0.00 B
2016-03-16 07:35:33.182+0000 INFO  [o.n.k.i.DiagnosticsManager]:   neostore.labeltokenstore.db.id: 2016-03-16T03:35:32-0400 - 9.00 B
2016-03-16 07:35:33.183+0000 INFO  [o.n.k.i.DiagnosticsManager]:   neostore.labeltokenstore.db.names: 2016-03-16T03:35:32-0400 - 38.00 B
2016-03-16 07:35:33.183+0000 INFO  [o.n.k.i.DiagnosticsManager]:   neostore.labeltokenstore.db.names.id: 2016-03-16T03:35:32-0400 - 9.00 B
2016-03-16 07:35:33.184+0000 INFO  [o.n.k.i.DiagnosticsManager]:   neostore.nodestore.db: 2016-03-16T03:35:32-0400 - 0.00 B
2016-03-16 07:35:33.184+0000 INFO  [o.n.k.i.DiagnosticsManager]:   neostore.nodestore.db.id: 2016-03-16T03:35:32-0400 - 9.00 B
2016-03-16 07:35:33.185+0000 INFO  [o.n.k.i.DiagnosticsManager]:   neostore.nodestore.db.labels: 2016-03-16T03:35:32-0400 - 68.00 B
2016-03-16 07:35:33.186+0000 INFO  [o.n.k.i.DiagnosticsManager]:   neostore.nodestore.db.labels.id: 2016-03-16T03:35:32-0400 - 9.00 B
2016-03-16 07:35:33.186+0000 INFO  [o.n.k.i.DiagnosticsManager]:   neostore.propertystore.db: 2016-03-16T03:35:32-0400 - 0.00 B
2016-03-16 07:35:33.186+0000 INFO  [o.n.k.i.DiagnosticsManager]:   neostore.propertystore.db.arrays: 2016-03-16T03:35:32-0400 - 128.00 B
2016-03-16 07:35:33.187+0000 INFO  [o.n.k.i.DiagnosticsManager]:   neostore.propertystore.db.arrays.id: 2016-03-16T03:35:32-0400 - 9.00 B
2016-03-16 07:35:33.187+0000 INFO  [o.n.k.i.DiagnosticsManager]:   neostore.propertystore.db.id: 2016-03-16T03:35:32-0400 - 9.00 B
2016-03-16 07:35:33.188+0000 INFO  [o.n.k.i.DiagnosticsManager]:   neostore.propertystore.db.index: 2016-03-16T03:35:32-0400 - 0.00 B
2016-03-16 07:35:33.188+0000 INFO  [o.n.k.i.DiagnosticsManager]:   neostore.propertystore.db.index.id: 2016-03-16T03:35:32-0400 - 9.00 B
2016-03-16 07:35:33.189+0000 INFO  [o.n.k.i.DiagnosticsManager]:   neostore.propertystore.db.index.keys: 2016-03-16T03:35:32-0400 - 38.00 B
2016-03-16 07:35:33.189+0000 INFO  [o.n.k.i.DiagnosticsManager]:   neostore.propertystore.db.index.keys.id: 2016-03-16T03:35:32-0400 - 9.00 B
2016-03-16 07:35:33.190+0000 INFO  [o.n.k.i.DiagnosticsManager]:   neostore.propertystore.db.strings: 2016-03-16T03:35:32-0400 - 128.00 B
2016-03-16 07:35:33.190+0000 INFO  [o.n.k.i.DiagnosticsManager]:   neostore.propertystore.db.strings.id: 2016-03-16T03:35:32-0400 - 9.00 B
2016-03-16 07:35:33.191+0000 INFO  [o.n.k.i.DiagnosticsManager]:   neostore.relationshipgroupstore.db: 2016-03-16T03:35:32-0400 - 25.00 B
2016-03-16 07:35:33.191+0000 INFO  [o.n.k.i.DiagnosticsManager]:   neostore.relationshipgroupstore.db.id: 2016-03-16T03:35:32-0400 - 9.00 B
2016-03-16 07:35:33.191+0000 INFO  [o.n.k.i.DiagnosticsManager]:   neostore.relationshipstore.db: 2016-03-16T03:35:32-0400 - 0.00 B
2016-03-16 07:35:33.192+0000 INFO  [o.n.k.i.DiagnosticsManager]:   neostore.relationshipstore.db.id: 2016-03-16T03:35:32-0400 - 9.00 B
2016-03-16 07:35:33.192+0000 INFO  [o.n.k.i.DiagnosticsManager]:   neostore.relationshiptypestore.db: 2016-03-16T03:35:32-0400 - 0.00 B
2016-03-16 07:35:33.194+0000 INFO  [o.n.k.i.DiagnosticsManager]:   neostore.relationshiptypestore.db.id: 2016-03-16T03:35:32-0400 - 9.00 B
2016-03-16 07:35:33.195+0000 INFO  [o.n.k.i.DiagnosticsManager]:   neostore.relationshiptypestore.db.names: 2016-03-16T03:35:32-0400 - 38.00 B
2016-03-16 07:35:33.195+0000 INFO  [o.n.k.i.DiagnosticsManager]:   neostore.relationshiptypestore.db.names.id: 2016-03-16T03:35:32-0400 - 9.00 B
2016-03-16 07:35:33.196+0000 INFO  [o.n.k.i.DiagnosticsManager]:   neostore.schemastore.db: 2016-03-16T03:35:32-0400 - 64.00 B
2016-03-16 07:35:33.197+0000 INFO  [o.n.k.i.DiagnosticsManager]:   neostore.schemastore.db.id: 2016-03-16T03:35:32-0400 - 9.00 B
2016-03-16 07:35:33.198+0000 INFO  [o.n.k.i.DiagnosticsManager]:   nioneo_logical.log.1: 2016-03-16T03:35:33-0400 - 16.00 B
2016-03-16 07:35:33.198+0000 INFO  [o.n.k.i.DiagnosticsManager]:   nioneo_logical.log.active: 2016-03-16T03:35:33-0400 - 4.00 B
2016-03-16 07:35:33.198+0000 INFO  [o.n.k.i.DiagnosticsManager]:   schema:
2016-03-16 07:35:33.198+0000 INFO  [o.n.k.i.DiagnosticsManager]:     label:
2016-03-16 07:35:33.198+0000 INFO  [o.n.k.i.DiagnosticsManager]:       lucene:
2016-03-16 07:35:33.198+0000 INFO  [o.n.k.i.DiagnosticsManager]:         write.lock: 2016-03-16T03:35:32-0400 - 0.00 B
2016-03-16 07:35:33.198+0000 INFO  [o.n.k.i.DiagnosticsManager]:       - Total: 2016-03-16T03:35:32-0400 - 0.00 B
2016-03-16 07:35:33.198+0000 INFO  [o.n.k.i.DiagnosticsManager]:     - Total: 2016-03-16T03:35:32-0400 - 0.00 B
2016-03-16 07:35:33.198+0000 INFO  [o.n.k.i.DiagnosticsManager]:   - Total: 2016-03-16T03:35:32-0400 - 0.00 B
2016-03-16 07:35:33.199+0000 INFO  [o.n.k.i.DiagnosticsManager]:   store_lock: 2016-03-16T03:35:31-0400 - 0.00 B
2016-03-16 07:35:33.199+0000 INFO  [o.n.k.i.DiagnosticsManager]:   tm_tx_log.1: 2016-03-16T03:35:33-0400 - 0.00 B
2016-03-16 07:35:33.199+0000 INFO  [o.n.k.i.DiagnosticsManager]: --- STARTED diagnostics for KernelDiagnostics:StoreFiles END ---
2016-03-16 07:35:33.300+0000 INFO  [o.n.k.EmbeddedGraphDatabase]: Database is now ready
2016-03-16 07:35:39.762+0000 WARN  [o.n.k.EmbeddedGraphDatabase]: GC Monitor: Application threads blocked for 449ms.
2016-03-16 07:37:02.742+0000 INFO  [o.n.k.EmbeddedGraphDatabase]: Shutdown started
2016-03-16 07:37:02.743+0000 INFO  [o.n.k.EmbeddedGraphDatabase]: Database is now unavailable
2016-03-16 07:37:02.779+0000 INFO  [o.n.k.i.t.x.XaLogicalLog]: Closed log user.db\index\lucene.log
2016-03-16 07:37:02.796+0000 INFO  [o.n.k.i.t.TxManager]: TM shutting down
2016-03-16 07:37:02.917+0000 INFO  [o.n.k.i.t.x.XaLogicalLog]: Closed log user.db\nioneo_logical.log
2016-03-16 07:37:02.939+0000 INFO  [o.n.k.i.n.s.StoreFactory]: user.db\neostore.relationshiptypestore.db.names hit=0 miss=0 switches=0 ooe=0
2016-03-16 07:37:02.957+0000 INFO  [o.n.k.i.n.s.StoreFactory]: user.db\neostore.relationshiptypestore.db hit=0 miss=0 switches=0 ooe=0
2016-03-16 07:37:02.975+0000 INFO  [o.n.k.i.n.s.StoreFactory]: user.db\neostore.labeltokenstore.db.names hit=0 miss=2 switches=0 ooe=0
2016-03-16 07:37:03.015+0000 INFO  [o.n.k.i.n.s.StoreFactory]: user.db\neostore.labeltokenstore.db hit=0 miss=2 switches=0 ooe=0
2016-03-16 07:37:03.040+0000 INFO  [o.n.k.i.n.s.StoreFactory]: user.db\neostore.propertystore.db.strings hit=0 miss=0 switches=0 ooe=0
2016-03-16 07:37:03.059+0000 INFO  [o.n.k.i.n.s.StoreFactory]: user.db\neostore.propertystore.db.index.keys hit=0 miss=5 switches=0 ooe=0
2016-03-16 07:37:03.087+0000 INFO  [o.n.k.i.n.s.StoreFactory]: user.db\neostore.propertystore.db.index hit=0 miss=5 switches=0 ooe=0
2016-03-16 07:37:03.131+0000 INFO  [o.n.k.i.n.s.StoreFactory]: user.db\neostore.propertystore.db.arrays hit=0 miss=0 switches=0 ooe=0
2016-03-16 07:37:03.150+0000 INFO  [o.n.k.i.n.s.StoreFactory]: user.db\neostore.propertystore.db hit=1886 miss=0 switches=0 ooe=0
2016-03-16 07:37:03.173+0000 INFO  [o.n.k.i.n.s.StoreFactory]: user.db\neostore.relationshipstore.db hit=0 miss=0 switches=0 ooe=0
2016-03-16 07:37:03.217+0000 INFO  [o.n.k.i.n.s.StoreFactory]: user.db\neostore.nodestore.db.labels hit=0 miss=0 switches=0 ooe=0
2016-03-16 07:37:03.238+0000 INFO  [o.n.k.i.n.s.StoreFactory]: user.db\neostore.nodestore.db hit=943 miss=0 switches=0 ooe=0
2016-03-16 07:37:03.265+0000 INFO  [o.n.k.i.n.s.StoreFactory]: user.db\neostore.schemastore.db hit=0 miss=0 switches=0 ooe=0
2016-03-16 07:37:03.283+0000 INFO  [o.n.k.i.n.s.StoreFactory]: user.db\neostore.relationshipgroupstore.db hit=0 miss=0 switches=0 ooe=0
2016-03-16 07:37:03.310+0000 INFO  [o.n.k.i.n.s.StoreFactory]: user.db\neostore hit=0 miss=29 switches=0 ooe=0
2016-03-16 07:37:03.348+0000 INFO  [o.n.k.i.n.x.NeoStoreXaDataSource]: NeoStore closed
2016-03-16 07:37:03.348+0000 INFO  [o.n.k.i.DiagnosticsManager]: --- STOPPING diagnostics START ---
2016-03-16 07:37:03.348+0000 INFO  [o.n.k.i.DiagnosticsManager]: --- STOPPING diagnostics END ---
